<?xml version="1.0" encoding="UTF-8"?>
<!-- Generated by org.testng.reporters.JUnitReportReporter -->
<testsuite hostname="Nehas-MacBook-Pro.local" failures="0" tests="1" name="SampleTest" time="1.499" errors="0" timestamp="21 Oct 2021 09:23:21 GMT">
  <testcase classname="SampleTest" name="SampleTest" time="1.499"/>
</testsuite> <!-- SampleTest -->
